<?xml version="1.0" encoding="UTF-8"?>
<!-- Generated by org.testng.reporters.JUnitReportReporter -->
<testsuite hostname="DESKTOP-22HPEHG" failures="0" tests="9" name="mteste.CalculadoraTest" time="0.040" errors="0" timestamp="20 May 2022 14:39:15 GMT">
  <testcase classname="mteste.CalculadoraTest" name="testMult" time="0.000"/>
  <testcase classname="mteste.CalculadoraTest" name="testSoma" time="0.000"/>
  <testcase classname="mteste.CalculadoraTest" name="testSub" time="0.000"/>
  <testcase classname="mteste.CalculadoraTest" name="testAreaQ" time="0.000"/>
  <testcase classname="mteste.CalculadoraTest" name="testNumPar" time="0.000"/>
  <testcase classname="mteste.CalculadoraTest" name="testRaizCub" time="0.028"/>
  <testcase classname="mteste.CalculadoraTest" name="testDiv" time="0.011"/>
  <testcase classname="mteste.CalculadoraTest" name="testExp" time="0.001"/>
  <testcase classname="mteste.CalculadoraTest" name="testRaiz" time="0.000"/>
</testsuite> <!-- mteste.CalculadoraTest -->
