<?xml version="1.0" encoding="UTF-8"?>
<!-- Generated by org.testng.reporters.JUnitReportReporter -->
<testsuite hostname="DESKTOP-22HPEHG" failures="0" tests="8" name="mteste.CalculadoraNGTest" time="0.107" errors="0" timestamp="20 May 2022 14:39:15 GMT">
  <testcase classname="mteste.CalculadoraNGTest" name="testSub" time="0.002"/>
  <testcase classname="mteste.CalculadoraNGTest" name="testSoma" time="0.001"/>
  <testcase classname="mteste.CalculadoraNGTest" name="testRaiz" time="0.004"/>
  <testcase classname="mteste.CalculadoraNGTest" name="testExp" time="0.002"/>
  <testcase classname="mteste.CalculadoraNGTest" name="testNumPar" time="0.006"/>
  <testcase classname="mteste.CalculadoraNGTest" name="testRaizCub" time="0.074"/>
  <testcase classname="mteste.CalculadoraNGTest" name="testAreaQ" time="0.016"/>
  <testcase classname="mteste.CalculadoraNGTest" name="testDiv" time="0.002"/>
</testsuite> <!-- mteste.CalculadoraNGTest -->
